2025-07-22T10:41:26.321Z - ==============================
2025-07-22T10:41:26.325Z - [SERVER] Server is running on port: 8080
2025-07-22T10:41:26.326Z - [SERVER] NODE_ENV: undefined
2025-07-22T10:41:26.327Z - [SERVER] BASE_URL: http://localhost:8080
2025-07-22T10:41:26.328Z - [SERVER] FRONTEND_URL: https://thuetool.online
2025-07-22T10:41:26.328Z - [SERVER] Allowed Origins: https://thuetool.online,https://www.thuetool.online,https://thuetool-online.vercel.app,http://localhost:3000,http://localhost:5173
2025-07-22T10:41:26.329Z - [SERVER] MongoDB URI: mongodb+srv://Nhungcamcu:Taivu14062001@data.qvkc4vi.mongodb.net/thuetool_data?retryWrites=true&w=majority&appName=data
2025-07-22T10:41:26.330Z - ==============================
2025-07-22T10:41:26.335Z - [SERVER] PayOS Webhook URL: http://localhost:8080/api/v1/payment/payos-webhook
2025-07-22T10:41:26.346Z - [SERVER] Cron jobs started.
2025-07-22T10:49:45.140Z - [SERVER] SIGINT received. Shutting down gracefully...
2025-07-22T10:54:47.517Z - ==============================
2025-07-22T10:54:47.523Z - [SERVER] Server is running on port: 8080
2025-07-22T10:54:47.524Z - [SERVER] NODE_ENV: undefined
2025-07-22T10:54:47.526Z - [SERVER] BASE_URL: http://localhost:8080
2025-07-22T10:54:47.527Z - [SERVER] FRONTEND_URL: https://thuetool.online
2025-07-22T10:54:47.529Z - [SERVER] Allowed Origins: https://thuetool.online,https://www.thuetool.online,https://thuetool-online.vercel.app,http://localhost:3000,http://localhost:5173
2025-07-22T10:54:47.530Z - [SERVER] MongoDB URI: mongodb+srv://Nhungcamcu:Taivu14062001@data.qvkc4vi.mongodb.net/thuetool_data?retryWrites=true&w=majority&appName=data
2025-07-22T10:54:47.531Z - ==============================
2025-07-22T10:54:47.531Z - [SERVER] PayOS Webhook URL: http://localhost:8080/api/v1/payment/payos-webhook
2025-07-22T10:54:47.551Z - [SERVER] Cron jobs started.
2025-07-22T10:58:44.422Z - ==============================
2025-07-22T10:58:44.431Z - [SERVER] Server is running on port: 8080
2025-07-22T10:58:44.432Z - [SERVER] NODE_ENV: undefined
2025-07-22T10:58:44.432Z - [SERVER] BASE_URL: http://localhost:8080
2025-07-22T10:58:44.433Z - [SERVER] FRONTEND_URL: https://thuetool.online
2025-07-22T10:58:44.434Z - [SERVER] Allowed Origins: https://thuetool.online,https://www.thuetool.online,https://thuetool-online.vercel.app,http://localhost:3000,http://localhost:5173
2025-07-22T10:58:44.434Z - [SERVER] MongoDB URI: mongodb+srv://Nhungcamcu:Taivu14062001@data.qvkc4vi.mongodb.net/thuetool_data?retryWrites=true&w=majority&appName=data
2025-07-22T10:58:44.435Z - ==============================
2025-07-22T10:58:44.435Z - [SERVER] PayOS Webhook URL: http://localhost:8080/api/v1/payment/payos-webhook
2025-07-22T10:58:44.441Z - [SERVER] Cron jobs started.
2025-07-22T10:58:55.369Z - ==============================
2025-07-22T10:58:55.373Z - [SERVER] Server is running on port: 8080
2025-07-22T10:58:55.373Z - [SERVER] NODE_ENV: undefined
2025-07-22T10:58:55.374Z - [SERVER] BASE_URL: http://localhost:8080
2025-07-22T10:58:55.375Z - [SERVER] FRONTEND_URL: https://thuetool.online
2025-07-22T10:58:55.376Z - [SERVER] Allowed Origins: https://thuetool.online,https://www.thuetool.online,https://thuetool-online.vercel.app,http://localhost:3000,http://localhost:5173
2025-07-22T10:58:55.376Z - [SERVER] MongoDB URI: mongodb+srv://Nhungcamcu:Taivu14062001@data.qvkc4vi.mongodb.net/thuetool_data?retryWrites=true&w=majority&appName=data
2025-07-22T10:58:55.377Z - ==============================
2025-07-22T10:58:55.377Z - [SERVER] PayOS Webhook URL: http://localhost:8080/api/v1/payment/payos-webhook
2025-07-22T10:58:55.384Z - [SERVER] Cron jobs started.
2025-07-22T11:00:07.271Z - [SERVER] SIGINT received. Shutting down gracefully...
2025-07-22T11:00:22.852Z - ==============================
2025-07-22T11:00:22.855Z - [SERVER] Server is running on port: 8080
2025-07-22T11:00:22.855Z - [SERVER] NODE_ENV: undefined
2025-07-22T11:00:22.856Z - [SERVER] BASE_URL: http://localhost:8080
2025-07-22T11:00:22.857Z - [SERVER] FRONTEND_URL: https://thuetool.online
2025-07-22T11:00:22.857Z - [SERVER] Allowed Origins: https://thuetool.online,https://www.thuetool.online,https://thuetool-online.vercel.app,http://localhost:3000,http://localhost:5173
2025-07-22T11:00:22.858Z - [SERVER] MongoDB URI: mongodb+srv://Nhungcamcu:Taivu14062001@data.qvkc4vi.mongodb.net/thuetool_data?retryWrites=true&w=majority&appName=data
2025-07-22T11:00:22.859Z - ==============================
2025-07-22T11:00:22.860Z - [SERVER] PayOS Webhook URL: http://localhost:8080/api/v1/payment/payos-webhook
2025-07-22T11:00:22.866Z - [SERVER] Cron jobs started.
2025-07-22T11:06:44.817Z - ==============================
2025-07-22T11:06:44.820Z - [SERVER] Server is running on port: 8080
2025-07-22T11:06:44.820Z - [SERVER] NODE_ENV: undefined
2025-07-22T11:06:44.821Z - [SERVER] BASE_URL: http://localhost:8080
2025-07-22T11:06:44.822Z - [SERVER] FRONTEND_URL: https://thuetool.online
2025-07-22T11:06:44.823Z - [SERVER] Allowed Origins: https://thuetool.online,https://www.thuetool.online,https://thuetool-online.vercel.app,http://localhost:3000,http://localhost:5173
2025-07-22T11:06:44.825Z - [SERVER] MongoDB URI: mongodb+srv://Nhungcamcu:Taivu14062001@data.qvkc4vi.mongodb.net/thuetool_data?retryWrites=true&w=majority&appName=data
2025-07-22T11:06:44.827Z - ==============================
2025-07-22T11:06:44.828Z - [SERVER] PayOS Webhook URL: http://localhost:8080/api/v1/payment/payos-webhook
2025-07-22T11:06:44.837Z - [SERVER] Cron jobs started.
2025-07-22T11:07:31.812Z - ==============================
2025-07-22T11:07:31.815Z - [SERVER] Server is running on port: 8080
2025-07-22T11:07:31.815Z - [SERVER] NODE_ENV: undefined
2025-07-22T11:07:31.816Z - [SERVER] BASE_URL: http://localhost:8080
2025-07-22T11:07:31.816Z - [SERVER] FRONTEND_URL: https://thuetool.online
2025-07-22T11:07:31.817Z - [SERVER] Allowed Origins: https://thuetool.online,https://www.thuetool.online,https://thuetool-online.vercel.app,http://localhost:3000,http://localhost:5173
2025-07-22T11:07:31.817Z - [SERVER] MongoDB URI: mongodb+srv://Nhungcamcu:Taivu14062001@data.qvkc4vi.mongodb.net/thuetool_data?retryWrites=true&w=majority&appName=data
2025-07-22T11:07:31.818Z - ==============================
2025-07-22T11:07:31.818Z - [SERVER] PayOS Webhook URL: http://localhost:8080/api/v1/payment/payos-webhook
2025-07-22T11:07:31.825Z - [SERVER] Cron jobs started.
2025-07-22T12:27:28.296Z - ==============================
2025-07-22T12:27:28.299Z - [SERVER] Server is running on port: 8080
2025-07-22T12:27:28.300Z - [SERVER] NODE_ENV: undefined
2025-07-22T12:27:28.301Z - [SERVER] BASE_URL: http://localhost:8080
2025-07-22T12:27:28.301Z - [SERVER] FRONTEND_URL: https://thuetool.online
2025-07-22T12:27:28.302Z - [SERVER] Allowed Origins: https://thuetool.online,https://www.thuetool.online,https://thuetool-online.vercel.app,http://localhost:3000,http://localhost:5173
2025-07-22T12:27:28.303Z - [SERVER] MongoDB URI: mongodb+srv://Nhungcamcu:Taivu14062001@data.qvkc4vi.mongodb.net/thuetool_data?retryWrites=true&w=majority&appName=data
2025-07-22T12:27:28.303Z - ==============================
2025-07-22T12:27:28.304Z - [SERVER] PayOS Webhook URL: http://localhost:8080/api/v1/payment/payos-webhook
2025-07-22T12:27:28.323Z - [SERVER ERROR] Uncaught Exception: (0 , transaction_cleanup_job_1.startTransactionCleanupJob) is not a function
2025-07-22T12:27:28.324Z - [SERVER ERROR] Stack: TypeError: (0 , transaction_cleanup_job_1.startTransactionCleanupJob) is not a function
    at Server.<anonymous> (D:\Web bản 1\backend\src\server.ts:55:29)
    at Object.onceWrapper (node:events:632:28)
    at Server.emit (node:events:530:35)
    at emitListeningNT (node:net:1983:10)
    at processTicksAndRejections (node:internal/process/task_queues:89:21)
2025-07-22T12:27:28.326Z - [SERVER] Shutting down server...
2025-07-22T12:29:13.827Z - ==============================
2025-07-22T12:29:13.830Z - [SERVER] Server is running on port: 8080
2025-07-22T12:29:13.831Z - [SERVER] NODE_ENV: undefined
2025-07-22T12:29:13.831Z - [SERVER] BASE_URL: http://localhost:8080
2025-07-22T12:29:13.832Z - [SERVER] FRONTEND_URL: https://thuetool.online
2025-07-22T12:29:13.833Z - [SERVER] Allowed Origins: https://thuetool.online,https://www.thuetool.online,https://thuetool-online.vercel.app,http://localhost:3000,http://localhost:5173
2025-07-22T12:29:13.833Z - [SERVER] MongoDB URI: mongodb+srv://Nhungcamcu:Taivu14062001@data.qvkc4vi.mongodb.net/thuetool_data?retryWrites=true&w=majority&appName=data
2025-07-22T12:29:13.834Z - ==============================
2025-07-22T12:29:13.835Z - [SERVER] PayOS Webhook URL: http://localhost:8080/api/v1/payment/payos-webhook
2025-07-22T12:29:13.848Z - [SERVER ERROR] Uncaught Exception: (0 , agent_transaction_cleanup_job_1.startMonthlyAgentTransactionCleanup) is not a function
2025-07-22T12:29:13.849Z - [SERVER ERROR] Stack: TypeError: (0 , agent_transaction_cleanup_job_1.startMonthlyAgentTransactionCleanup) is not a function
    at Server.<anonymous> (D:\Web bản 1\backend\src\server.ts:52:38)
    at Object.onceWrapper (node:events:632:28)
    at Server.emit (node:events:530:35)
    at emitListeningNT (node:net:1983:10)
    at processTicksAndRejections (node:internal/process/task_queues:89:21)
2025-07-22T12:29:13.850Z - [SERVER] Shutting down server...
2025-07-22T12:30:34.648Z - ==============================
2025-07-22T12:30:34.651Z - [SERVER] Server is running on port: 8080
2025-07-22T12:30:34.651Z - [SERVER] NODE_ENV: undefined
2025-07-22T12:30:34.651Z - [SERVER] BASE_URL: http://localhost:8080
2025-07-22T12:30:34.652Z - [SERVER] FRONTEND_URL: https://thuetool.online
2025-07-22T12:30:34.652Z - [SERVER] Allowed Origins: https://thuetool.online,https://www.thuetool.online,https://thuetool-online.vercel.app,http://localhost:3000,http://localhost:5173
2025-07-22T12:30:34.653Z - [SERVER] MongoDB URI: mongodb+srv://Nhungcamcu:Taivu14062001@data.qvkc4vi.mongodb.net/thuetool_data?retryWrites=true&w=majority&appName=data
2025-07-22T12:30:34.653Z - ==============================
2025-07-22T12:30:34.654Z - [SERVER] PayOS Webhook URL: http://localhost:8080/api/v1/payment/payos-webhook
2025-07-22T12:30:34.667Z - [SERVER ERROR] Uncaught Exception: (0 , agent_transaction_cleanup_job_1.startMonthlyAgentTransactionCleanup) is not a function
2025-07-22T12:30:34.668Z - [SERVER ERROR] Stack: TypeError: (0 , agent_transaction_cleanup_job_1.startMonthlyAgentTransactionCleanup) is not a function
    at Server.<anonymous> (D:\Web bản 1\backend\src\server.ts:52:38)
    at Object.onceWrapper (node:events:632:28)
    at Server.emit (node:events:530:35)
    at emitListeningNT (node:net:1983:10)
    at processTicksAndRejections (node:internal/process/task_queues:89:21)
2025-07-22T12:30:34.669Z - [SERVER] Shutting down server...
2025-07-22T12:30:48.565Z - ==============================
2025-07-22T12:30:48.567Z - [SERVER] Server is running on port: 8080
2025-07-22T12:30:48.568Z - [SERVER] NODE_ENV: undefined
2025-07-22T12:30:48.568Z - [SERVER] BASE_URL: http://localhost:8080
2025-07-22T12:30:48.569Z - [SERVER] FRONTEND_URL: https://thuetool.online
2025-07-22T12:30:48.570Z - [SERVER] Allowed Origins: https://thuetool.online,https://www.thuetool.online,https://thuetool-online.vercel.app,http://localhost:3000,http://localhost:5173
2025-07-22T12:30:48.571Z - [SERVER] MongoDB URI: mongodb+srv://Nhungcamcu:Taivu14062001@data.qvkc4vi.mongodb.net/thuetool_data?retryWrites=true&w=majority&appName=data
2025-07-22T12:30:48.573Z - ==============================
2025-07-22T12:30:48.575Z - [SERVER] PayOS Webhook URL: http://localhost:8080/api/v1/payment/payos-webhook
2025-07-22T12:30:48.586Z - [SERVER ERROR] Uncaught Exception: (0 , agent_transaction_cleanup_job_1.startMonthlyAgentTransactionCleanup) is not a function
2025-07-22T12:30:48.587Z - [SERVER ERROR] Stack: TypeError: (0 , agent_transaction_cleanup_job_1.startMonthlyAgentTransactionCleanup) is not a function
    at Server.<anonymous> (D:\Web bản 1\backend\src\server.ts:52:38)
    at Object.onceWrapper (node:events:632:28)
    at Server.emit (node:events:530:35)
    at emitListeningNT (node:net:1983:10)
    at processTicksAndRejections (node:internal/process/task_queues:89:21)
2025-07-22T12:30:48.589Z - [SERVER] Shutting down server...
2025-07-22T12:30:53.636Z - ==============================
2025-07-22T12:30:53.639Z - [SERVER] Server is running on port: 8080
2025-07-22T12:30:53.639Z - [SERVER] NODE_ENV: undefined
2025-07-22T12:30:53.640Z - [SERVER] BASE_URL: http://localhost:8080
2025-07-22T12:30:53.640Z - [SERVER] FRONTEND_URL: https://thuetool.online
2025-07-22T12:30:53.641Z - [SERVER] Allowed Origins: https://thuetool.online,https://www.thuetool.online,https://thuetool-online.vercel.app,http://localhost:3000,http://localhost:5173
2025-07-22T12:30:53.641Z - [SERVER] MongoDB URI: mongodb+srv://Nhungcamcu:Taivu14062001@data.qvkc4vi.mongodb.net/thuetool_data?retryWrites=true&w=majority&appName=data
2025-07-22T12:30:53.642Z - ==============================
2025-07-22T12:30:53.642Z - [SERVER] PayOS Webhook URL: http://localhost:8080/api/v1/payment/payos-webhook
2025-07-22T12:30:53.654Z - [SERVER ERROR] Uncaught Exception: (0 , agent_transaction_cleanup_job_1.startMonthlyAgentTransactionCleanup) is not a function
2025-07-22T12:30:53.654Z - [SERVER ERROR] Stack: TypeError: (0 , agent_transaction_cleanup_job_1.startMonthlyAgentTransactionCleanup) is not a function
    at Server.<anonymous> (D:\Web bản 1\backend\src\server.ts:52:38)
    at Object.onceWrapper (node:events:632:28)
    at Server.emit (node:events:530:35)
    at emitListeningNT (node:net:1983:10)
    at processTicksAndRejections (node:internal/process/task_queues:89:21)
2025-07-22T12:30:53.656Z - [SERVER] Shutting down server...
2025-07-22T12:48:02.997Z - ==============================
2025-07-22T12:48:03.001Z - [SERVER] Server is running on port: 8080
2025-07-22T12:48:03.001Z - [SERVER] NODE_ENV: undefined
2025-07-22T12:48:03.002Z - [SERVER] BASE_URL: http://localhost:8080
2025-07-22T12:48:03.002Z - [SERVER] FRONTEND_URL: https://thuetool.online
2025-07-22T12:48:03.003Z - [SERVER] Allowed Origins: https://thuetool.online,https://www.thuetool.online,https://thuetool-online.vercel.app,http://localhost:3000,http://localhost:5173
2025-07-22T12:48:03.003Z - [SERVER] MongoDB URI: mongodb+srv://Nhungcamcu:Taivu14062001@data.qvkc4vi.mongodb.net/thuetool_data?retryWrites=true&w=majority&appName=data
2025-07-22T12:48:03.004Z - ==============================
2025-07-22T12:48:03.004Z - [SERVER] PayOS Webhook URL: http://localhost:8080/api/v1/payment/payos-webhook
2025-07-22T12:48:03.011Z - [SERVER] Cron jobs started.
2025-07-22T12:48:27.009Z - ==============================
2025-07-22T12:48:27.011Z - [SERVER] Server is running on port: 8080
2025-07-22T12:48:27.012Z - [SERVER] NODE_ENV: undefined
2025-07-22T12:48:27.012Z - [SERVER] BASE_URL: http://localhost:8080
2025-07-22T12:48:27.013Z - [SERVER] FRONTEND_URL: https://thuetool.online
2025-07-22T12:48:27.013Z - [SERVER] Allowed Origins: https://thuetool.online,https://www.thuetool.online,https://thuetool-online.vercel.app,http://localhost:3000,http://localhost:5173
2025-07-22T12:48:27.014Z - [SERVER] MongoDB URI: mongodb+srv://Nhungcamcu:Taivu14062001@data.qvkc4vi.mongodb.net/thuetool_data?retryWrites=true&w=majority&appName=data
2025-07-22T12:48:27.015Z - ==============================
2025-07-22T12:48:27.015Z - [SERVER] PayOS Webhook URL: http://localhost:8080/api/v1/payment/payos-webhook
2025-07-22T12:48:27.021Z - [SERVER] Cron jobs started.
2025-07-22T13:14:51.668Z - [SERVER] SIGINT received. Shutting down gracefully...
2025-07-22T13:15:03.556Z - ==============================
2025-07-22T13:15:03.558Z - [SERVER] Server is running on port: 8080
2025-07-22T13:15:03.559Z - [SERVER] NODE_ENV: undefined
2025-07-22T13:15:03.560Z - [SERVER] BASE_URL: http://localhost:8080
2025-07-22T13:15:03.560Z - [SERVER] FRONTEND_URL: https://thuetool.online
2025-07-22T13:15:03.561Z - [SERVER] Allowed Origins: https://thuetool.online,https://www.thuetool.online,https://thuetool-online.vercel.app,http://localhost:3000,http://localhost:5173
2025-07-22T13:15:03.561Z - [SERVER] MongoDB URI: mongodb+srv://Nhungcamcu:Taivu14062001@data.qvkc4vi.mongodb.net/thuetool_data?retryWrites=true&w=majority&appName=data
2025-07-22T13:15:03.562Z - ==============================
2025-07-22T13:15:03.562Z - [SERVER] PayOS Webhook URL: http://localhost:8080/api/v1/payment/payos-webhook
2025-07-22T13:15:03.569Z - [SERVER] Cron jobs started.
2025-07-22T13:33:35.515Z - [SERVER] SIGINT received. Shutting down gracefully...
2025-07-22T13:33:51.793Z - ==============================
2025-07-22T13:33:51.795Z - [SERVER] Server is running on port: 8080
2025-07-22T13:33:51.796Z - [SERVER] NODE_ENV: undefined
2025-07-22T13:33:51.796Z - [SERVER] BASE_URL: http://localhost:8080
2025-07-22T13:33:51.797Z - [SERVER] FRONTEND_URL: https://thuetool.online
2025-07-22T13:33:51.797Z - [SERVER] Allowed Origins: https://thuetool.online,https://www.thuetool.online,https://thuetool-online.vercel.app,http://localhost:3000,http://localhost:5173
2025-07-22T13:33:51.798Z - [SERVER] MongoDB URI: mongodb+srv://Nhungcamcu:Taivu14062001@data.qvkc4vi.mongodb.net/thuetool_data?retryWrites=true&w=majority&appName=data
2025-07-22T13:33:51.798Z - ==============================
2025-07-22T13:33:51.799Z - [SERVER] PayOS Webhook URL: http://localhost:8080/api/v1/payment/payos-webhook
2025-07-22T13:33:51.805Z - [SERVER] Cron jobs started.
2025-07-22T13:42:36.221Z - [SERVER] SIGINT received. Shutting down gracefully...
2025-07-22T13:51:04.719Z - ==============================
2025-07-22T13:51:04.722Z - [SERVER] Server is running on port: 8080
2025-07-22T13:51:04.722Z - [SERVER] NODE_ENV: undefined
2025-07-22T13:51:04.723Z - [SERVER] BASE_URL: http://localhost:8080
2025-07-22T13:51:04.723Z - [SERVER] FRONTEND_URL: https://thuetool.online
2025-07-22T13:51:04.724Z - [SERVER] Allowed Origins: https://thuetool.online,https://www.thuetool.online,https://thuetool-online.vercel.app,http://localhost:3000,http://localhost:5173
2025-07-22T13:51:04.724Z - [SERVER] MongoDB URI: mongodb+srv://Nhungcamcu:Taivu14062001@data.qvkc4vi.mongodb.net/thuetool_data?retryWrites=true&w=majority&appName=data
2025-07-22T13:51:04.725Z - ==============================
2025-07-22T13:51:04.726Z - [SERVER] PayOS Webhook URL: http://localhost:8080/api/v1/payment/payos-webhook
2025-07-22T13:51:04.733Z - [SERVER] Cron jobs started.
2025-07-22T13:54:39.535Z - [SERVER] SIGINT received. Shutting down gracefully...
2025-07-22T13:54:46.243Z - ==============================
2025-07-22T13:54:46.250Z - [SERVER] Server is running on port: 8080
2025-07-22T13:54:46.251Z - [SERVER] NODE_ENV: undefined
2025-07-22T13:54:46.252Z - [SERVER] BASE_URL: http://localhost:8080
2025-07-22T13:54:46.253Z - [SERVER] FRONTEND_URL: https://thuetool.online
2025-07-22T13:54:46.255Z - [SERVER] Allowed Origins: https://thuetool.online,https://www.thuetool.online,https://thuetool-online.vercel.app,http://localhost:3000,http://localhost:5173
2025-07-22T13:54:46.257Z - [SERVER] MongoDB URI: mongodb+srv://Nhungcamcu:Taivu14062001@data.qvkc4vi.mongodb.net/thuetool_data?retryWrites=true&w=majority&appName=data
2025-07-22T13:54:46.258Z - ==============================
2025-07-22T13:54:46.260Z - [SERVER] PayOS Webhook URL: http://localhost:8080/api/v1/payment/payos-webhook
2025-07-22T13:54:46.276Z - [SERVER] Cron jobs started.
2025-07-22T14:18:55.363Z - ==============================
2025-07-22T14:18:55.365Z - [SERVER] Server is running on port: 8080
2025-07-22T14:18:55.366Z - [SERVER] NODE_ENV: undefined
2025-07-22T14:18:55.367Z - [SERVER] BASE_URL: http://localhost:8080
2025-07-22T14:18:55.368Z - [SERVER] FRONTEND_URL: https://thuetool.online
2025-07-22T14:18:55.369Z - [SERVER] Allowed Origins: https://thuetool.online,https://www.thuetool.online,https://thuetool-online.vercel.app,http://localhost:3000,http://localhost:5173
2025-07-22T14:18:55.370Z - [SERVER] MongoDB URI: mongodb+srv://Nhungcamcu:Taivu14062001@data.qvkc4vi.mongodb.net/thuetool_data?retryWrites=true&w=majority&appName=data
2025-07-22T14:18:55.371Z - ==============================
2025-07-22T14:18:55.372Z - [SERVER] PayOS Webhook URL: http://localhost:8080/api/v1/payment/payos-webhook
2025-07-22T14:18:55.379Z - [SERVER] Cron jobs started.
2025-07-22T14:19:18.616Z - ==============================
2025-07-22T14:19:18.619Z - [SERVER] Server is running on port: 8080
2025-07-22T14:19:18.620Z - [SERVER] NODE_ENV: undefined
2025-07-22T14:19:18.621Z - [SERVER] BASE_URL: http://localhost:8080
2025-07-22T14:19:18.622Z - [SERVER] FRONTEND_URL: https://thuetool.online
2025-07-22T14:19:18.622Z - [SERVER] Allowed Origins: https://thuetool.online,https://www.thuetool.online,https://thuetool-online.vercel.app,http://localhost:3000,http://localhost:5173
2025-07-22T14:19:18.623Z - [SERVER] MongoDB URI: mongodb+srv://Nhungcamcu:Taivu14062001@data.qvkc4vi.mongodb.net/thuetool_data?retryWrites=true&w=majority&appName=data
2025-07-22T14:19:18.624Z - ==============================
2025-07-22T14:19:18.624Z - [SERVER] PayOS Webhook URL: http://localhost:8080/api/v1/payment/payos-webhook
2025-07-22T14:19:18.630Z - [SERVER] Cron jobs started.
2025-07-22T14:19:34.575Z - [SERVER] SIGINT received. Shutting down gracefully...
2025-07-22T14:19:43.540Z - ==============================
2025-07-22T14:19:43.542Z - [SERVER] Server is running on port: 8080
2025-07-22T14:19:43.542Z - [SERVER] NODE_ENV: undefined
2025-07-22T14:19:43.543Z - [SERVER] BASE_URL: http://localhost:8080
2025-07-22T14:19:43.543Z - [SERVER] FRONTEND_URL: https://thuetool.online
2025-07-22T14:19:43.544Z - [SERVER] Allowed Origins: https://thuetool.online,https://www.thuetool.online,https://thuetool-online.vercel.app,http://localhost:3000,http://localhost:5173
2025-07-22T14:19:43.545Z - [SERVER] MongoDB URI: mongodb+srv://Nhungcamcu:Taivu14062001@data.qvkc4vi.mongodb.net/thuetool_data?retryWrites=true&w=majority&appName=data
2025-07-22T14:19:43.546Z - ==============================
2025-07-22T14:19:43.547Z - [SERVER] PayOS Webhook URL: http://localhost:8080/api/v1/payment/payos-webhook
2025-07-22T14:19:43.556Z - [SERVER] Cron jobs started.
2025-07-22T14:22:41.687Z - [SERVER] SIGINT received. Shutting down gracefully...
2025-07-22T14:22:53.345Z - ==============================
2025-07-22T14:22:53.347Z - [SERVER] Server is running on port: 8080
2025-07-22T14:22:53.348Z - [SERVER] NODE_ENV: undefined
2025-07-22T14:22:53.348Z - [SERVER] BASE_URL: http://localhost:8080
2025-07-22T14:22:53.349Z - [SERVER] FRONTEND_URL: https://thuetool.online
2025-07-22T14:22:53.349Z - [SERVER] Allowed Origins: https://thuetool.online,https://www.thuetool.online,https://thuetool-online.vercel.app,http://localhost:3000,http://localhost:5173
2025-07-22T14:22:53.350Z - [SERVER] MongoDB URI: mongodb+srv://Nhungcamcu:Taivu14062001@data.qvkc4vi.mongodb.net/thuetool_data?retryWrites=true&w=majority&appName=data
2025-07-22T14:22:53.350Z - ==============================
2025-07-22T14:22:53.351Z - [SERVER] PayOS Webhook URL: http://localhost:8080/api/v1/payment/payos-webhook
2025-07-22T14:22:53.357Z - [SERVER] Cron jobs started.
2025-07-22T14:42:30.943Z - ==============================
2025-07-22T14:42:30.946Z - [SERVER] Server is running on port: 8080
2025-07-22T14:42:30.947Z - [SERVER] NODE_ENV: undefined
2025-07-22T14:42:30.947Z - [SERVER] BASE_URL: http://localhost:8080
2025-07-22T14:42:30.948Z - [SERVER] FRONTEND_URL: https://thuetool.online
2025-07-22T14:42:30.948Z - [SERVER] Allowed Origins: https://thuetool.online,https://www.thuetool.online,https://thuetool-online.vercel.app,http://localhost:3000,http://localhost:5173
2025-07-22T14:42:30.949Z - [SERVER] MongoDB URI: mongodb+srv://Nhungcamcu:Taivu14062001@data.qvkc4vi.mongodb.net/thuetool_data?retryWrites=true&w=majority&appName=data
2025-07-22T14:42:30.949Z - ==============================
2025-07-22T14:42:30.950Z - [SERVER] PayOS Webhook URL: http://localhost:8080/api/v1/payment/payos-webhook
2025-07-22T14:42:30.956Z - [SERVER] Cron jobs started.
2025-07-22T14:42:42.220Z - ==============================
2025-07-22T14:42:42.222Z - [SERVER] Server is running on port: 8080
2025-07-22T14:42:42.223Z - [SERVER] NODE_ENV: undefined
2025-07-22T14:42:42.223Z - [SERVER] BASE_URL: http://localhost:8080
2025-07-22T14:42:42.224Z - [SERVER] FRONTEND_URL: https://thuetool.online
2025-07-22T14:42:42.224Z - [SERVER] Allowed Origins: https://thuetool.online,https://www.thuetool.online,https://thuetool-online.vercel.app,http://localhost:3000,http://localhost:5173
2025-07-22T14:42:42.225Z - [SERVER] MongoDB URI: mongodb+srv://Nhungcamcu:Taivu14062001@data.qvkc4vi.mongodb.net/thuetool_data?retryWrites=true&w=majority&appName=data
2025-07-22T14:42:42.225Z - ==============================
2025-07-22T14:42:42.226Z - [SERVER] PayOS Webhook URL: http://localhost:8080/api/v1/payment/payos-webhook
2025-07-22T14:42:42.234Z - [SERVER] Cron jobs started.
2025-07-22T14:42:53.613Z - ==============================
2025-07-22T14:42:53.616Z - [SERVER] Server is running on port: 8080
2025-07-22T14:42:53.617Z - [SERVER] NODE_ENV: undefined
2025-07-22T14:42:53.617Z - [SERVER] BASE_URL: http://localhost:8080
2025-07-22T14:42:53.618Z - [SERVER] FRONTEND_URL: https://thuetool.online
2025-07-22T14:42:53.618Z - [SERVER] Allowed Origins: https://thuetool.online,https://www.thuetool.online,https://thuetool-online.vercel.app,http://localhost:3000,http://localhost:5173
2025-07-22T14:42:53.619Z - [SERVER] MongoDB URI: mongodb+srv://Nhungcamcu:Taivu14062001@data.qvkc4vi.mongodb.net/thuetool_data?retryWrites=true&w=majority&appName=data
2025-07-22T14:42:53.619Z - ==============================
2025-07-22T14:42:53.620Z - [SERVER] PayOS Webhook URL: http://localhost:8080/api/v1/payment/payos-webhook
2025-07-22T14:42:53.626Z - [SERVER] Cron jobs started.
2025-07-22T14:43:13.668Z - [SERVER] SIGINT received. Shutting down gracefully...
2025-07-22T14:43:21.178Z - ==============================
2025-07-22T14:43:21.180Z - [SERVER] Server is running on port: 8080
2025-07-22T14:43:21.181Z - [SERVER] NODE_ENV: undefined
2025-07-22T14:43:21.182Z - [SERVER] BASE_URL: http://localhost:8080
2025-07-22T14:43:21.182Z - [SERVER] FRONTEND_URL: https://thuetool.online
2025-07-22T14:43:21.183Z - [SERVER] Allowed Origins: https://thuetool.online,https://www.thuetool.online,https://thuetool-online.vercel.app,http://localhost:3000,http://localhost:5173
2025-07-22T14:43:21.184Z - [SERVER] MongoDB URI: mongodb+srv://Nhungcamcu:Taivu14062001@data.qvkc4vi.mongodb.net/thuetool_data?retryWrites=true&w=majority&appName=data
2025-07-22T14:43:21.185Z - ==============================
2025-07-22T14:43:21.185Z - [SERVER] PayOS Webhook URL: http://localhost:8080/api/v1/payment/payos-webhook
2025-07-22T14:43:21.191Z - [SERVER] Cron jobs started.
2025-07-22T14:44:07.635Z - [SERVER] SIGINT received. Shutting down gracefully...
2025-07-22T14:44:21.674Z - ==============================
2025-07-22T14:44:21.677Z - [SERVER] Server is running on port: 8080
2025-07-22T14:44:21.677Z - [SERVER] NODE_ENV: undefined
2025-07-22T14:44:21.678Z - [SERVER] BASE_URL: http://localhost:8080
2025-07-22T14:44:21.679Z - [SERVER] FRONTEND_URL: https://thuetool.online
2025-07-22T14:44:21.680Z - [SERVER] Allowed Origins: https://thuetool.online,https://www.thuetool.online,https://thuetool-online.vercel.app,http://localhost:3000,http://localhost:5173
2025-07-22T14:44:21.680Z - [SERVER] MongoDB URI: mongodb+srv://Nhungcamcu:Taivu14062001@data.qvkc4vi.mongodb.net/thuetool_data?retryWrites=true&w=majority&appName=data
2025-07-22T14:44:21.681Z - ==============================
2025-07-22T14:44:21.682Z - [SERVER] PayOS Webhook URL: http://localhost:8080/api/v1/payment/payos-webhook
2025-07-22T14:44:21.689Z - [SERVER] Cron jobs started.
2025-07-22T15:00:32.571Z - [SERVER] SIGINT received. Shutting down gracefully...
2025-07-22T15:00:44.523Z - ==============================
2025-07-22T15:00:44.526Z - [SERVER] Server is running on port: 8080
2025-07-22T15:00:44.526Z - [SERVER] NODE_ENV: undefined
2025-07-22T15:00:44.527Z - [SERVER] BASE_URL: http://localhost:8080
2025-07-22T15:00:44.527Z - [SERVER] FRONTEND_URL: https://thuetool.online
2025-07-22T15:00:44.528Z - [SERVER] Allowed Origins: https://thuetool.online,https://www.thuetool.online,https://thuetool-online.vercel.app,http://localhost:3000,http://localhost:5173
2025-07-22T15:00:44.528Z - [SERVER] MongoDB URI: mongodb+srv://Nhungcamcu:Taivu14062001@data.qvkc4vi.mongodb.net/thuetool_data?retryWrites=true&w=majority&appName=data
2025-07-22T15:00:44.529Z - ==============================
2025-07-22T15:00:44.529Z - [SERVER] PayOS Webhook URL: http://localhost:8080/api/v1/payment/payos-webhook
2025-07-22T15:00:44.536Z - [SERVER] Cron jobs started.
2025-07-22T15:23:25.732Z - [SERVER] SIGINT received. Shutting down gracefully...
2025-07-22T15:24:54.237Z - ==============================
2025-07-22T15:24:54.239Z - [SERVER] Server is running on port: 8080
2025-07-22T15:24:54.239Z - [SERVER] NODE_ENV: undefined
2025-07-22T15:24:54.240Z - [SERVER] BASE_URL: http://localhost:8080
2025-07-22T15:24:54.240Z - [SERVER] FRONTEND_URL: https://thuetool.online
2025-07-22T15:24:54.241Z - [SERVER] Allowed Origins: https://thuetool.online,https://www.thuetool.online,https://thuetool-online.vercel.app,http://localhost:3000,http://localhost:5173
2025-07-22T15:24:54.241Z - [SERVER] MongoDB URI: mongodb+srv://Nhungcamcu:Taivu14062001@data.qvkc4vi.mongodb.net/thuetool_data?retryWrites=true&w=majority&appName=data
2025-07-22T15:24:54.242Z - ==============================
2025-07-22T15:24:54.243Z - [SERVER] PayOS Webhook URL: http://localhost:8080/api/v1/payment/payos-webhook
2025-07-22T15:24:54.250Z - [SERVER] Cron jobs started.
2025-07-22T15:34:22.516Z - [SERVER] SIGINT received. Shutting down gracefully...
2025-07-22T15:34:22.518Z - [SERVER] Process terminated.
2025-07-22T15:34:33.895Z - ==============================
2025-07-22T15:34:33.898Z - [SERVER] Server is running on port: 8080
2025-07-22T15:34:33.899Z - [SERVER] NODE_ENV: undefined
2025-07-22T15:34:33.899Z - [SERVER] BASE_URL: http://localhost:8080
2025-07-22T15:34:33.900Z - [SERVER] FRONTEND_URL: https://thuetool.online
2025-07-22T15:34:33.901Z - [SERVER] Allowed Origins: https://thuetool.online,https://www.thuetool.online,https://thuetool-online.vercel.app,http://localhost:3000,http://localhost:5173
2025-07-22T15:34:33.902Z - [SERVER] MongoDB URI: mongodb+srv://Nhungcamcu:Taivu14062001@data.qvkc4vi.mongodb.net/thuetool_data?retryWrites=true&w=majority&appName=data
2025-07-22T15:34:33.902Z - ==============================
2025-07-22T15:34:33.903Z - [SERVER] PayOS Webhook URL: http://localhost:8080/api/v1/payment/payos-webhook
2025-07-22T15:34:33.909Z - [SERVER] Cron jobs started.
2025-07-22T15:37:17.753Z - ==============================
2025-07-22T15:37:17.756Z - [SERVER] Server is running on port: 8080
2025-07-22T15:37:17.756Z - [SERVER] NODE_ENV: undefined
2025-07-22T15:37:17.757Z - [SERVER] BASE_URL: http://localhost:8080
2025-07-22T15:37:17.757Z - [SERVER] FRONTEND_URL: https://thuetool.online
2025-07-22T15:37:17.758Z - [SERVER] Allowed Origins: https://thuetool.online,https://www.thuetool.online,https://thuetool-online.vercel.app,http://localhost:3000,http://localhost:5173
2025-07-22T15:37:17.758Z - [SERVER] MongoDB URI: mongodb+srv://Nhungcamcu:Taivu14062001@data.qvkc4vi.mongodb.net/thuetool_data?retryWrites=true&w=majority&appName=data
2025-07-22T15:37:17.759Z - ==============================
2025-07-22T15:37:17.759Z - [SERVER] PayOS Webhook URL: http://localhost:8080/api/v1/payment/payos-webhook
2025-07-22T15:37:17.765Z - [SERVER] Cron jobs started.
2025-07-22T15:59:41.876Z - ==============================
2025-07-22T15:59:41.878Z - [SERVER] Server is running on port: 8080
2025-07-22T15:59:41.878Z - [SERVER] NODE_ENV: undefined
2025-07-22T15:59:41.879Z - [SERVER] BASE_URL: http://localhost:8080
2025-07-22T15:59:41.879Z - [SERVER] FRONTEND_URL: https://thuetool.online
2025-07-22T15:59:41.880Z - [SERVER] Allowed Origins: https://thuetool.online,https://www.thuetool.online,https://thuetool-online.vercel.app,http://localhost:3000,http://localhost:5173
2025-07-22T15:59:41.881Z - [SERVER] MongoDB URI: mongodb+srv://Nhungcamcu:Taivu14062001@data.qvkc4vi.mongodb.net/thuetool_data?retryWrites=true&w=majority&appName=data
2025-07-22T15:59:41.881Z - ==============================
2025-07-22T15:59:41.882Z - [SERVER] PayOS Webhook URL: http://localhost:8080/api/v1/payment/payos-webhook
2025-07-22T15:59:41.887Z - [SERVER] Cron jobs started.
2025-07-22T16:13:11.960Z - ==============================
2025-07-22T16:13:11.963Z - [SERVER] Server is running on port: 8080
2025-07-22T16:13:11.964Z - [SERVER] NODE_ENV: undefined
2025-07-22T16:13:11.965Z - [SERVER] BASE_URL: http://localhost:8080
2025-07-22T16:13:11.966Z - [SERVER] FRONTEND_URL: https://thuetool.online
2025-07-22T16:13:11.967Z - [SERVER] Allowed Origins: https://thuetool.online,https://www.thuetool.online,https://thuetool-online.vercel.app,http://localhost:3000,http://localhost:5173
2025-07-22T16:13:11.967Z - [SERVER] MongoDB URI: mongodb+srv://Nhungcamcu:Taivu14062001@data.qvkc4vi.mongodb.net/thuetool_data?retryWrites=true&w=majority&appName=data
2025-07-22T16:13:11.968Z - ==============================
2025-07-22T16:13:11.969Z - [SERVER] PayOS Webhook URL: http://localhost:8080/api/v1/payment/payos-webhook
2025-07-22T16:13:11.975Z - [SERVER] Cron jobs started.
2025-07-22T16:13:15.348Z - [SERVER] SIGINT received. Shutting down gracefully...
2025-07-22T16:13:23.075Z - ==============================
2025-07-22T16:13:23.077Z - [SERVER] Server is running on port: 8080
2025-07-22T16:13:23.077Z - [SERVER] NODE_ENV: undefined
2025-07-22T16:13:23.078Z - [SERVER] BASE_URL: http://localhost:8080
2025-07-22T16:13:23.078Z - [SERVER] FRONTEND_URL: https://thuetool.online
2025-07-22T16:13:23.079Z - [SERVER] Allowed Origins: https://thuetool.online,https://www.thuetool.online,https://thuetool-online.vercel.app,http://localhost:3000,http://localhost:5173
2025-07-22T16:13:23.079Z - [SERVER] MongoDB URI: mongodb+srv://Nhungcamcu:Taivu14062001@data.qvkc4vi.mongodb.net/thuetool_data?retryWrites=true&w=majority&appName=data
2025-07-22T16:13:23.080Z - ==============================
2025-07-22T16:13:23.081Z - [SERVER] PayOS Webhook URL: http://localhost:8080/api/v1/payment/payos-webhook
2025-07-22T16:13:23.086Z - [SERVER] Cron jobs started.
2025-07-22T16:20:59.069Z - [SERVER] SIGINT received. Shutting down gracefully...
2025-07-22T16:23:55.185Z - ==============================
2025-07-22T16:23:55.193Z - [SERVER] Server is running on port: 8080
2025-07-22T16:23:55.195Z - [SERVER] NODE_ENV: undefined
2025-07-22T16:23:55.197Z - [SERVER] BASE_URL: http://localhost:8080
2025-07-22T16:23:55.198Z - [SERVER] FRONTEND_URL: https://thuetool.online
2025-07-22T16:23:55.199Z - [SERVER] Allowed Origins: https://thuetool.online,https://www.thuetool.online,https://thuetool-online.vercel.app,http://localhost:3000,http://localhost:5173
2025-07-22T16:23:55.200Z - [SERVER] MongoDB URI: mongodb+srv://Nhungcamcu:Taivu14062001@data.qvkc4vi.mongodb.net/thuetool_data?retryWrites=true&w=majority&appName=data
2025-07-22T16:23:55.201Z - ==============================
2025-07-22T16:23:55.202Z - [SERVER] PayOS Webhook URL: http://localhost:8080/api/v1/payment/payos-webhook
2025-07-22T16:23:55.211Z - [SERVER] Cron jobs started.
2025-07-22T16:32:17.927Z - ==============================
2025-07-22T16:32:17.931Z - [SERVER] Server is running on port: 8080
2025-07-22T16:32:17.931Z - [SERVER] NODE_ENV: undefined
2025-07-22T16:32:17.932Z - [SERVER] BASE_URL: http://localhost:8080
2025-07-22T16:32:17.932Z - [SERVER] FRONTEND_URL: https://thuetool.online
2025-07-22T16:32:17.933Z - [SERVER] Allowed Origins: https://thuetool.online,https://www.thuetool.online,https://thuetool-online.vercel.app,http://localhost:3000,http://localhost:5173
2025-07-22T16:32:17.934Z - [SERVER] MongoDB URI: mongodb+srv://Nhungcamcu:Taivu14062001@data.qvkc4vi.mongodb.net/thuetool_data?retryWrites=true&w=majority&appName=data
2025-07-22T16:32:17.934Z - ==============================
2025-07-22T16:32:17.935Z - [SERVER] PayOS Webhook URL: http://localhost:8080/api/v1/payment/payos-webhook
2025-07-22T16:32:17.942Z - [SERVER] Cron jobs started.
2025-07-22T16:33:21.885Z - [SERVER] SIGINT received. Shutting down gracefully...
2025-07-22T16:33:21.887Z - [SERVER] Process terminated.
2025-07-22T16:33:39.961Z - ==============================
2025-07-22T16:33:39.963Z - [SERVER] Server is running on port: 8080
2025-07-22T16:33:39.964Z - [SERVER] NODE_ENV: undefined
2025-07-22T16:33:39.964Z - [SERVER] BASE_URL: http://localhost:8080
2025-07-22T16:33:39.964Z - [SERVER] FRONTEND_URL: https://thuetool.online
2025-07-22T16:33:39.965Z - [SERVER] Allowed Origins: https://thuetool.online,https://www.thuetool.online,https://thuetool-online.vercel.app,http://localhost:3000,http://localhost:5173
2025-07-22T16:33:39.966Z - [SERVER] MongoDB URI: mongodb+srv://Nhungcamcu:Taivu14062001@data.qvkc4vi.mongodb.net/thuetool_data?retryWrites=true&w=majority&appName=data
2025-07-22T16:33:39.966Z - ==============================
2025-07-22T16:33:39.966Z - [SERVER] PayOS Webhook URL: http://localhost:8080/api/v1/payment/payos-webhook
2025-07-22T16:33:39.972Z - [SERVER] Cron jobs started.
